2025-11-30 10:02:52 INFO  TC001_AccountRegisterTest:27 - ***Starting of testcase***
2025-11-30 10:02:52 INFO  TC001_AccountRegisterTest:33 - Clicked on MyAccount
2025-11-30 10:02:54 INFO  TC001_AccountRegisterTest:35 - Clicked on Register
2025-11-30 10:02:54 INFO  TC001_AccountRegisterTest:38 - Providing customer info
2025-11-30 10:02:56 INFO  TC001_AccountRegisterTest:49 - Validating expected message...
2025-11-30 10:02:56 INFO  TC001_AccountRegisterTest:54 - Test Passed
2025-11-30 10:02:56 INFO  TC001_AccountRegisterTest:66 - ***** Finished TC001_AccountRegistrationTest *****
2025-11-30 10:03:03 INFO  TC002_LoginTest:16 - ****** Startign TC_002_LoginTest *****
2025-11-30 10:46:27 INFO  Utils:112 - [TestNG] Running:
  C:\Users\meesa\eclipse-workspace\opencart001\testng1.xml

2025-11-30 10:57:47 INFO  Utils:112 - [TestNG] Running:
  C:\Users\meesa\eclipse-workspace\opencart001\grouping.xml

2025-11-30 10:58:31 INFO  TC001_AccountRegisterTest:27 - ***Starting of testcase***
2025-11-30 10:58:32 INFO  TC001_AccountRegisterTest:33 - Clicked on MyAccount
2025-11-30 10:58:32 INFO  TC001_AccountRegisterTest:35 - Clicked on Register
2025-11-30 10:58:32 INFO  TC001_AccountRegisterTest:38 - Providing customer info
2025-11-30 10:58:41 INFO  TC001_AccountRegisterTest:49 - Validating expected message...
2025-11-30 10:58:41 INFO  TC001_AccountRegisterTest:54 - Test Passed
2025-11-30 10:58:41 INFO  TC001_AccountRegisterTest:66 - ***** Finished TC001_AccountRegistrationTest *****
2025-11-30 10:59:02 INFO  TC002_LoginTest:16 - ****** Startign TC_002_LoginTest *****
2025-11-30 11:07:15 INFO  Utils:112 - [TestNG] Running:
  C:\Users\meesa\eclipse-workspace\opencart001\grouping.xml

2025-11-30 11:07:33 INFO  TC001_AccountRegisterTest:27 - ***Starting of testcase***
2025-11-30 11:07:33 INFO  TC001_AccountRegisterTest:33 - Clicked on MyAccount
2025-11-30 11:07:34 INFO  TC001_AccountRegisterTest:35 - Clicked on Register
2025-11-30 11:07:34 INFO  TC001_AccountRegisterTest:38 - Providing customer info
2025-11-30 11:07:39 INFO  TC001_AccountRegisterTest:49 - Validating expected message...
2025-11-30 11:07:40 INFO  TC001_AccountRegisterTest:54 - Test Passed
2025-11-30 11:07:40 INFO  TC001_AccountRegisterTest:66 - ***** Finished TC001_AccountRegistrationTest *****
2025-11-30 11:07:56 INFO  TC002_LoginTest:16 - ****** Startign TC_002_LoginTest *****
2025-11-30 11:29:22 INFO  Utils:112 - [TestNG] Running:
  C:\Users\meesa\eclipse-workspace\opencart001\grouping.xml

2025-11-30 11:29:33 INFO  TC001_AccountRegisterTest:27 - ***Starting of testcase***
2025-11-30 11:29:33 INFO  TC001_AccountRegisterTest:33 - Clicked on MyAccount
2025-11-30 11:29:34 INFO  TC001_AccountRegisterTest:35 - Clicked on Register
2025-11-30 11:29:34 INFO  TC001_AccountRegisterTest:38 - Providing customer info
2025-11-30 11:29:35 INFO  TC001_AccountRegisterTest:49 - Validating expected message...
2025-11-30 11:29:35 INFO  TC001_AccountRegisterTest:54 - Test Passed
2025-11-30 11:29:35 INFO  TC001_AccountRegisterTest:66 - ***** Finished TC001_AccountRegistrationTest *****
2025-11-30 11:29:54 INFO  TC002_LoginTest:16 - ****** Startign TC_002_LoginTest *****
2025-11-30 11:34:12 INFO  Utils:112 - [TestNG] Running:
  C:\Users\meesa\eclipse-workspace\opencart001\grouping.xml

2025-11-30 11:34:21 INFO  TC001_AccountRegisterTest:27 - ***Starting of testcase***
2025-11-30 11:34:22 INFO  TC001_AccountRegisterTest:33 - Clicked on MyAccount
2025-11-30 11:34:22 INFO  TC001_AccountRegisterTest:35 - Clicked on Register
2025-11-30 11:34:22 INFO  TC001_AccountRegisterTest:38 - Providing customer info
2025-11-30 11:34:24 INFO  TC001_AccountRegisterTest:49 - Validating expected message...
2025-11-30 11:34:25 INFO  TC001_AccountRegisterTest:54 - Test Passed
2025-11-30 11:34:25 INFO  TC001_AccountRegisterTest:66 - ***** Finished TC001_AccountRegistrationTest *****
2025-11-30 11:34:40 INFO  TC002_LoginTest:16 - ****** Startign TC_002_LoginTest *****
2025-11-30 11:41:29 INFO  Utils:112 - [TestNG] Running:
  C:\Users\meesa\eclipse-workspace\opencart001\grouping.xml

2025-11-30 11:41:40 INFO  TC001_AccountRegisterTest:27 - ***Starting of testcase***
2025-11-30 11:41:40 INFO  TC001_AccountRegisterTest:33 - Clicked on MyAccount
2025-11-30 11:41:41 INFO  TC001_AccountRegisterTest:35 - Clicked on Register
2025-11-30 11:41:41 INFO  TC001_AccountRegisterTest:38 - Providing customer info
2025-11-30 11:41:51 INFO  TC001_AccountRegisterTest:49 - Validating expected message...
2025-11-30 11:41:51 INFO  TC001_AccountRegisterTest:54 - Test Passed
2025-11-30 11:41:51 INFO  TC001_AccountRegisterTest:66 - ***** Finished TC001_AccountRegistrationTest *****
2025-11-30 11:42:00 INFO  TC002_LoginTest:16 - ****** Startign TC_002_LoginTest *****
2025-11-30 17:18:06 INFO  TC001_AccountRegisterTest:27 - ***Starting of testcase***
2025-11-30 17:18:07 INFO  TC001_AccountRegisterTest:33 - Clicked on MyAccount
2025-11-30 17:18:07 INFO  TC001_AccountRegisterTest:35 - Clicked on Register
2025-11-30 17:18:07 INFO  TC001_AccountRegisterTest:38 - Providing customer info
2025-11-30 17:18:10 INFO  TC001_AccountRegisterTest:49 - Validating expected message...
2025-11-30 17:18:10 INFO  TC001_AccountRegisterTest:54 - Test Passed
2025-11-30 17:18:10 INFO  TC001_AccountRegisterTest:66 - ***** Finished TC001_AccountRegistrationTest *****
2025-11-30 17:18:21 INFO  TC002_LoginTest:16 - ****** Startign TC_002_LoginTest *****
2025-11-30 17:18:26 INFO  TC002_LoginTest:41 - ****** Finished TC_002_LoginTest *****
